[0321/175107.071:ERROR:crash_report_database_win.cc(569)] CreateDirectory C:\Users\rade7003\AppData\Local\Temp\scoped_dir5304_28642\Crashpad: There is not enough space on the disk. (0x70)
[0321/175107.086:ERROR:registration_protocol_win.cc(84)] TransactNamedPipe: The pipe has been ended. (0x6D)
[0321/175107.086:ERROR:crash_report_database_win.cc(569)] CreateDirectory C:\Users\rade7003\AppData\Local\Temp\scoped_dir5304_28642\Crashpad: There is not enough space on the disk. (0x70)
[0321/191500.147:ERROR:crash_report_database_win.cc(569)] CreateDirectory C:\Users\rade7003\AppData\Local\Temp\scoped_dir9268_30203\Crashpad: There is not enough space on the disk. (0x70)
[0321/191500.154:ERROR:registration_protocol_win.cc(84)] TransactNamedPipe: The pipe has been ended. (0x6D)
[0321/191500.160:ERROR:crash_report_database_win.cc(569)] CreateDirectory C:\Users\rade7003\AppData\Local\Temp\scoped_dir9268_30203\Crashpad: There is not enough space on the disk. (0x70)
[0322/114354.652:ERROR:crash_report_database_win.cc(569)] CreateDirectory C:\Users\rade7003\AppData\Local\Temp\scoped_dir11500_3859\Crashpad: There is not enough space on the disk. (0x70)
[0322/114354.668:ERROR:registration_protocol_win.cc(84)] TransactNamedPipe: The pipe has been ended. (0x6D)
[0420/171957.569:ERROR:file_io_win.cc(179)] CreateFile C:\Users\DELL\AppData\Local\Temp\scoped_dir10908_9391\Crashpad\settings.dat: Access is denied. (0x5)
[0504/115339.788:ERROR:file_io_win.cc(179)] CreateFile C:\Users\DELL\AppData\Local\Temp\scoped_dir12396_1353\Crashpad\settings.dat: Access is denied. (0x5)
[0504/120834.223:ERROR:file_io_win.cc(179)] CreateFile C:\Users\DELL\AppData\Local\Temp\scoped_dir11428_22674\Crashpad\settings.dat: Access is denied. (0x5)
[0504/120834.249:ERROR:registration_protocol_win.cc(84)] TransactNamedPipe: The pipe has been ended. (0x6D)
[0504/124337.758:ERROR:file_io_win.cc(179)] CreateFile C:\Users\DELL\AppData\Local\Temp\scoped_dir11988_20139\Crashpad\settings.dat: Access is denied. (0x5)
[0504/124337.774:ERROR:registration_protocol_win.cc(84)] TransactNamedPipe: The pipe has been ended. (0x6D)
[0504/125421.495:ERROR:file_io_win.cc(179)] CreateFile C:\Users\DELL\AppData\Local\Temp\scoped_dir10404_19212\Crashpad\settings.dat: Access is denied. (0x5)
[0504/125421.511:ERROR:registration_protocol_win.cc(84)] TransactNamedPipe: The pipe has been ended. (0x6D)
[0504/130442.390:ERROR:file_io_win.cc(179)] CreateFile C:\Users\DELL\AppData\Local\Temp\scoped_dir11976_16022\Crashpad\settings.dat: Access is denied. (0x5)
[0504/130517.402:ERROR:file_io_win.cc(179)] CreateFile C:\Users\DELL\AppData\Local\Temp\scoped_dir6632_28838\Crashpad\settings.dat: Access is denied. (0x5)
[0504/131215.811:ERROR:file_io_win.cc(179)] CreateFile C:\Users\DELL\AppData\Local\Temp\scoped_dir2784_28203\Crashpad\settings.dat: Access is denied. (0x5)
[0505/155755.071:ERROR:file_io_win.cc(179)] CreateFile C:\Users\DELL\AppData\Local\Temp\scoped_dir1188_3043\Crashpad\settings.dat: Access is denied. (0x5)
[0505/160040.069:ERROR:file_io_win.cc(179)] CreateFile C:\Users\DELL\AppData\Local\Temp\scoped_dir14372_3779\Crashpad\settings.dat: Access is denied. (0x5)
[0505/160040.085:ERROR:registration_protocol_win.cc(84)] TransactNamedPipe: The pipe has been ended. (0x6D)
[0505/161806.278:ERROR:file_io_win.cc(179)] CreateFile C:\Users\DELL\AppData\Local\Temp\scoped_dir680_22553\Crashpad\settings.dat: Access is denied. (0x5)
[0505/161806.278:ERROR:registration_protocol_win.cc(84)] TransactNamedPipe: The pipe has been ended. (0x6D)
[0505/161806.278:ERROR:file_io_win.cc(179)] CreateFile C:\Users\DELL\AppData\Local\Temp\scoped_dir680_22553\Crashpad\settings.dat: Access is denied. (0x5)
[0518/213411.411:ERROR:file_io_win.cc(179)] CreateFile C:\Users\DELL\AppData\Local\Temp\scoped_dir420_3598\Crashpad\settings.dat: Access is denied. (0x5)
[0518/214931.997:ERROR:file_io_win.cc(179)] CreateFile C:\Users\DELL\AppData\Local\Temp\scoped_dir4368_24538\Crashpad\settings.dat: Access is denied. (0x5)
[0518/214932.004:ERROR:registration_protocol_win.cc(84)] TransactNamedPipe: The pipe has been ended. (0x6D)
[0531/182558.507:ERROR:process_reader_win.cc(123)] NtOpenThread: {Access Denied} A process has requested access to an object, but has not been granted those access rights. (0xc0000022)
[0531/182558.572:ERROR:exception_snapshot_win.cc(98)] thread ID 12464 not found in process
[0601/115654.018:ERROR:file_io_win.cc(179)] CreateFile C:\Users\DELL\AppData\Local\Temp\scoped_dir11624_14342\Crashpad\settings.dat: Access is denied. (0x5)
[0601/115654.050:ERROR:registration_protocol_win.cc(84)] TransactNamedPipe: The pipe has been ended. (0x6D)
[0601/123945.597:ERROR:file_io_win.cc(179)] CreateFile C:\Users\DELL\AppData\Local\Temp\scoped_dir12000_19936\Crashpad\settings.dat: Access is denied. (0x5)
[0601/123945.612:ERROR:registration_protocol_win.cc(84)] TransactNamedPipe: The pipe has been ended. (0x6D)
[0601/143442.065:ERROR:file_io_win.cc(179)] CreateFile C:\Users\DELL\AppData\Local\Temp\scoped_dir12372_11606\Crashpad\settings.dat: Access is denied. (0x5)
[0601/143442.244:ERROR:registration_protocol_win.cc(84)] TransactNamedPipe: The pipe has been ended. (0x6D)
[0601/144722.911:ERROR:file_io_win.cc(179)] CreateFile C:\Users\DELL\AppData\Local\Temp\scoped_dir16124_26192\Crashpad\settings.dat: Access is denied. (0x5)
[0601/144722.911:ERROR:registration_protocol_win.cc(84)] TransactNamedPipe: The pipe has been ended. (0x6D)
